<?xml version="1.0" encoding="UTF-8"?>
<testng-results ignored="0" total="1" passed="1" failed="0" skipped="0">
  <reporter-output>
  </reporter-output>
  <suite started-at="2022-12-26T15:15:53Z" name="Suite" finished-at="2022-12-26T15:17:45Z" duration-ms="112556">
    <groups>
    </groups>
    <test started-at="2022-12-26T15:15:53Z" name="Test" finished-at="2022-12-26T15:17:45Z" duration-ms="112556">
      <class name="com.lambdatest.TestNGTodo1">
        <test-method is-config="true" signature="setup(java.lang.reflect.Method, org.testng.ITestContext)[pri:0, instance:com.lambdatest.TestNGTodo1@80169cf]" started-at="2022-12-26T15:15:53Z" name="setup" finished-at="2022-12-26T15:15:57Z" duration-ms="4498" status="PASS">
          <params>
            <param index="0">
              <value>
                <![CDATA[public void com.lambdatest.TestNGTodo1.basicTest() throws java.lang.InterruptedException]]>
              </value>
            </param>
            <param index="1">
              <value>
                <![CDATA[org.testng.TestRunner@58134517]]>
              </value>
            </param>
          </params>
          <reporter-output>
          </reporter-output>
        </test-method> <!-- setup -->
        <test-method signature="basicTest()[pri:0, instance:com.lambdatest.TestNGTodo1@80169cf]" started-at="2022-12-26T15:15:57Z" name="basicTest" finished-at="2022-12-26T15:17:43Z" duration-ms="106240" status="PASS">
          <reporter-output>
          </reporter-output>
        </test-method> <!-- basicTest -->
        <test-method is-config="true" signature="tearDown()[pri:0, instance:com.lambdatest.TestNGTodo1@80169cf]" started-at="2022-12-26T15:17:43Z" name="tearDown" finished-at="2022-12-26T15:17:45Z" duration-ms="1795" status="PASS">
          <reporter-output>
          </reporter-output>
        </test-method> <!-- tearDown -->
      </class> <!-- com.lambdatest.TestNGTodo1 -->
    </test> <!-- Test -->
  </suite> <!-- Suite -->
</testng-results>
